{"timestamp":"2025-12-24T18:31:32.595918Z","level":"INFO","fields":{"message":"Market maker started for BTC with GLFT strategy"},"target":"hyperliquid_rust_sdk::market_maker"}
{"timestamp":"2025-12-24T18:31:32.596312Z","level":"INFO","fields":{"message":"Warming up parameter estimator..."},"target":"hyperliquid_rust_sdk::market_maker"}
{"timestamp":"2025-12-24T18:31:32.824883Z","level":"DEBUG","fields":{"message":"Volume bucket completed","vwap":"87591.0000","volume":"0.0100","duration_ms":0,"tick":0,"sigma_clean":"0.000100","sigma_total":"0.000100","jump_ratio":"1.00","kappa":"2000"},"target":"hyperliquid_rust_sdk::market_maker::estimator"}
{"timestamp":"2025-12-24T18:31:32.825188Z","level":"DEBUG","fields":{"message":"Volume bucket completed","vwap":"87585.0184","volume":"0.0016","duration_ms":21767,"tick":1,"sigma_clean":"0.000100","sigma_total":"0.000099","jump_ratio":"0.93","kappa":"2000"},"target":"hyperliquid_rust_sdk::market_maker::estimator"}
{"timestamp":"2025-12-24T18:31:32.825397Z","level":"DEBUG","fields":{"message":"Volume bucket completed","vwap":"87586.0000","volume":"0.0014","duration_ms":0,"tick":2,"sigma_clean":"0.000100","sigma_total":"0.000097","jump_ratio":"0.91","kappa":"2000"},"target":"hyperliquid_rust_sdk::market_maker::estimator"}
{"timestamp":"2025-12-24T18:31:32.825635Z","level":"DEBUG","fields":{"message":"Volume bucket completed","vwap":"87586.0000","volume":"0.0014","duration_ms":0,"tick":3,"sigma_clean":"0.000099","sigma_total":"0.000096","jump_ratio":"0.91","kappa":"2000"},"target":"hyperliquid_rust_sdk::market_maker::estimator"}
{"timestamp":"2025-12-24T18:31:32.825840Z","level":"DEBUG","fields":{"message":"Volume bucket completed","vwap":"87586.0000","volume":"0.0014","duration_ms":0,"tick":4,"sigma_clean":"0.000099","sigma_total":"0.000094","jump_ratio":"0.91","kappa":"2000"},"target":"hyperliquid_rust_sdk::market_maker::estimator"}
{"timestamp":"2025-12-24T18:31:32.825990Z","level":"DEBUG","fields":{"message":"Volume bucket completed","vwap":"87579.0704","volume":"0.0014","duration_ms":2314,"tick":5,"sigma_clean":"0.000099","sigma_total":"0.000094","jump_ratio":"1.07","kappa":"2000"},"target":"hyperliquid_rust_sdk::market_maker::estimator"}
{"timestamp":"2025-12-24T18:31:32.826138Z","level":"DEBUG","fields":{"message":"Volume bucket completed","vwap":"87578.0000","volume":"0.0014","duration_ms":0,"tick":6,"sigma_clean":"0.000098","sigma_total":"0.000093","jump_ratio":"1.02","kappa":"2000"},"target":"hyperliquid_rust_sdk::market_maker::estimator"}
{"timestamp":"2025-12-24T18:31:32.826286Z","level":"DEBUG","fields":{"message":"Volume bucket completed","vwap":"87557.0833","volume":"0.0014","duration_ms":1610,"tick":7,"sigma_clean":"0.000098","sigma_total":"0.000102","jump_ratio":"2.48","kappa":"2000"},"target":"hyperliquid_rust_sdk::market_maker::estimator"}
{"timestamp":"2025-12-24T18:31:32.826431Z","level":"DEBUG","fields":{"message":"Volume bucket completed","vwap":"87557.0000","volume":"0.0014","duration_ms":0,"tick":8,"sigma_clean":"0.000098","sigma_total":"0.000100","jump_ratio":"2.45","kappa":"2000"},"target":"hyperliquid_rust_sdk::market_maker::estimator"}
{"timestamp":"2025-12-24T18:31:32.826578Z","level":"DEBUG","fields":{"message":"Volume bucket completed","vwap":"87557.0000","volume":"0.0014","duration_ms":0,"tick":9,"sigma_clean":"0.000098","sigma_total":"0.000099","jump_ratio":"2.45","kappa":"2000"},"target":"hyperliquid_rust_sdk::market_maker::estimator"}
{"timestamp":"2025-12-24T18:31:32.826722Z","level":"DEBUG","fields":{"message":"Volume bucket completed","vwap":"87552.0000","volume":"0.0057","duration_ms":0,"tick":10,"sigma_clean":"0.000097","sigma_total":"0.000098","jump_ratio":"2.59","kappa":"2000"},"target":"hyperliquid_rust_sdk::market_maker::estimator"}
{"timestamp":"2025-12-24T18:31:32.826868Z","level":"DEBUG","fields":{"message":"Volume bucket completed","vwap":"87569.0000","volume":"0.0100","duration_ms":0,"tick":11,"sigma_clean":"0.000097","sigma_total":"0.000102","jump_ratio":"2.39","kappa":"2000"},"target":"hyperliquid_rust_sdk::market_maker::estimator"}
{"timestamp":"2025-12-24T18:31:32.827018Z","level":"DEBUG","fields":{"message":"Volume bucket completed","vwap":"87569.0000","volume":"0.0100","duration_ms":0,"tick":12,"sigma_clean":"0.000097","sigma_total":"0.000100","jump_ratio":"2.39","kappa":"2000"},"target":"hyperliquid_rust_sdk::market_maker::estimator"}
{"timestamp":"2025-12-24T18:31:32.827200Z","level":"DEBUG","fields":{"message":"Volume bucket completed","vwap":"87578.0000","volume":"0.0073","duration_ms":0,"tick":13,"sigma_clean":"0.000097","sigma_total":"0.000100","jump_ratio":"2.77","kappa":"2000"},"target":"hyperliquid_rust_sdk::market_maker::estimator"}
{"timestamp":"2025-12-24T18:31:32.827354Z","level":"DEBUG","fields":{"message":"Volume bucket completed","vwap":"87575.0000","volume":"0.0020","duration_ms":0,"tick":14,"sigma_clean":"0.000097","sigma_total":"0.000099","jump_ratio":"2.29","kappa":"2000"},"target":"hyperliquid_rust_sdk::market_maker::estimator"}
{"timestamp":"2025-12-24T18:31:32.827502Z","level":"DEBUG","fields":{"message":"Volume bucket completed","vwap":"87575.0000","volume":"0.0131","duration_ms":0,"tick":15,"sigma_clean":"0.000096","sigma_total":"0.000097","jump_ratio":"2.29","kappa":"2000"},"target":"hyperliquid_rust_sdk::market_maker::estimator"}
{"timestamp":"2025-12-24T18:31:32.827646Z","level":"DEBUG","fields":{"message":"Volume bucket completed","vwap":"87595.1269","volume":"0.0020","duration_ms":51288,"tick":16,"sigma_clean":"0.000096","sigma_total":"0.000104","jump_ratio":"4.71","kappa":"2000"},"target":"hyperliquid_rust_sdk::market_maker::estimator"}
{"timestamp":"2025-12-24T18:31:32.827794Z","level":"DEBUG","fields":{"message":"Volume bucket completed","vwap":"87605.9862","volume":"0.0072","duration_ms":138997,"tick":17,"sigma_clean":"0.000097","sigma_total":"0.000105","jump_ratio":"1.64","kappa":"2000"},"target":"hyperliquid_rust_sdk::market_maker::estimator"}
{"timestamp":"2025-12-24T18:31:32.827944Z","level":"DEBUG","fields":{"message":"Volume bucket completed","vwap":"87601.9907","volume":"0.0022","duration_ms":15529,"tick":18,"sigma_clean":"0.000097","sigma_total":"0.000103","jump_ratio":"1.44","kappa":"2000"},"target":"hyperliquid_rust_sdk::market_maker::estimator"}
{"timestamp":"2025-12-24T18:31:32.828093Z","level":"DEBUG","fields":{"message":"Volume bucket completed","vwap":"87536.0000","volume":"0.0024","duration_ms":0,"tick":19,"sigma_clean":"0.000099","sigma_total":"0.000211","jump_ratio":"5.95","kappa":"2000"},"target":"hyperliquid_rust_sdk::market_maker::estimator"}
{"timestamp":"2025-12-24T18:31:32.828238Z","level":"DEBUG","fields":{"message":"Volume bucket completed","vwap":"87553.0000","volume":"0.0019","duration_ms":0,"tick":20,"sigma_clean":"0.000106","sigma_total":"0.000198","jump_ratio":"1.84","kappa":"2000"},"target":"hyperliquid_rust_sdk::market_maker::estimator"}
{"timestamp":"2025-12-24T18:31:32.828386Z","level":"DEBUG","fields":{"message":"Volume bucket completed","vwap":"87553.0000","volume":"0.0032","duration_ms":0,"tick":21,"sigma_clean":"0.000106","sigma_total":"0.000180","jump_ratio":"1.84","kappa":"2000"},"target":"hyperliquid_rust_sdk::market_maker::estimator"}
{"timestamp":"2025-12-24T18:31:32.828514Z","level":"INFO","fields":{"message":"Warming up: 21/10 volume ticks, 0/5 L2 updates"},"target":"hyperliquid_rust_sdk::market_maker"}
{"timestamp":"2025-12-24T18:31:33.834425Z","level":"DEBUG","fields":{"message":"Kappa updated from L2 book","points":29,"slope":"-177.5163","kappa_new":"177.52","kappa_ewma":"101.79"},"target":"hyperliquid_rust_sdk::market_maker::estimator"}
{"timestamp":"2025-12-24T18:31:34.316543Z","level":"DEBUG","fields":{"message":"Kappa updated from L2 book","points":29,"slope":"-177.5163","kappa_new":"177.52","kappa_ewma":"103.54"},"target":"hyperliquid_rust_sdk::market_maker::estimator"}
{"timestamp":"2025-12-24T18:31:34.931995Z","level":"DEBUG","fields":{"message":"Kappa updated from L2 book","points":29,"slope":"-177.5163","kappa_new":"177.52","kappa_ewma":"105.25"},"target":"hyperliquid_rust_sdk::market_maker::estimator"}
{"timestamp":"2025-12-24T18:31:35.554960Z","level":"DEBUG","fields":{"message":"Kappa updated from L2 book","points":29,"slope":"-177.5163","kappa_new":"177.52","kappa_ewma":"106.92"},"target":"hyperliquid_rust_sdk::market_maker::estimator"}
{"timestamp":"2025-12-24T18:31:36.129812Z","level":"DEBUG","fields":{"message":"Kappa updated from L2 book","points":29,"slope":"-177.5163","kappa_new":"177.52","kappa_ewma":"108.55"},"target":"hyperliquid_rust_sdk::market_maker::estimator"}
{"timestamp":"2025-12-24T18:31:36.961056Z","level":"DEBUG","fields":{"message":"Kappa updated from L2 book","points":29,"slope":"-177.5163","kappa_new":"177.52","kappa_ewma":"110.14"},"target":"hyperliquid_rust_sdk::market_maker::estimator"}
{"timestamp":"2025-12-24T18:31:37.341829Z","level":"DEBUG","fields":{"message":"Kappa updated from L2 book","points":29,"slope":"-177.5163","kappa_new":"177.52","kappa_ewma":"111.70"},"target":"hyperliquid_rust_sdk::market_maker::estimator"}
{"timestamp":"2025-12-24T18:31:37.891058Z","level":"DEBUG","fields":{"message":"Kappa updated from L2 book","points":29,"slope":"-177.5163","kappa_new":"177.52","kappa_ewma":"113.22"},"target":"hyperliquid_rust_sdk::market_maker::estimator"}
{"timestamp":"2025-12-24T18:31:38.503251Z","level":"DEBUG","fields":{"message":"Kappa updated from L2 book","points":29,"slope":"-177.5163","kappa_new":"177.52","kappa_ewma":"114.71"},"target":"hyperliquid_rust_sdk::market_maker::estimator"}
{"timestamp":"2025-12-24T18:31:39.107669Z","level":"DEBUG","fields":{"message":"Kappa updated from L2 book","points":29,"slope":"-177.5163","kappa_new":"177.52","kappa_ewma":"116.16"},"target":"hyperliquid_rust_sdk::market_maker::estimator"}
{"timestamp":"2025-12-24T18:31:39.761817Z","level":"DEBUG","fields":{"message":"Kappa updated from L2 book","points":29,"slope":"-177.5163","kappa_new":"177.52","kappa_ewma":"117.58"},"target":"hyperliquid_rust_sdk::market_maker::estimator"}
{"timestamp":"2025-12-24T18:31:40.261476Z","level":"DEBUG","fields":{"message":"Kappa updated from L2 book","points":29,"slope":"-177.5163","kappa_new":"177.52","kappa_ewma":"118.96"},"target":"hyperliquid_rust_sdk::market_maker::estimator"}
{"timestamp":"2025-12-24T18:31:41.030303Z","level":"DEBUG","fields":{"message":"Kappa updated from L2 book","points":29,"slope":"-177.5163","kappa_new":"177.52","kappa_ewma":"120.31"},"target":"hyperliquid_rust_sdk::market_maker::estimator"}
{"timestamp":"2025-12-24T18:31:41.641752Z","level":"DEBUG","fields":{"message":"Kappa updated from L2 book","points":29,"slope":"-177.5163","kappa_new":"177.52","kappa_ewma":"121.64"},"target":"hyperliquid_rust_sdk::market_maker::estimator"}
{"timestamp":"2025-12-24T18:31:42.254987Z","level":"DEBUG","fields":{"message":"Kappa updated from L2 book","points":29,"slope":"-177.5163","kappa_new":"177.52","kappa_ewma":"122.93"},"target":"hyperliquid_rust_sdk::market_maker::estimator"}
{"timestamp":"2025-12-24T18:31:42.749522Z","level":"DEBUG","fields":{"message":"Kappa updated from L2 book","points":29,"slope":"-177.5163","kappa_new":"177.52","kappa_ewma":"124.19"},"target":"hyperliquid_rust_sdk::market_maker::estimator"}
{"timestamp":"2025-12-24T18:31:43.156186Z","level":"DEBUG","fields":{"message":"Kappa updated from L2 book","points":29,"slope":"-177.5163","kappa_new":"177.52","kappa_ewma":"125.42"},"target":"hyperliquid_rust_sdk::market_maker::estimator"}
{"timestamp":"2025-12-24T18:31:43.995235Z","level":"DEBUG","fields":{"message":"Kappa updated from L2 book","points":29,"slope":"-177.5163","kappa_new":"177.52","kappa_ewma":"126.62"},"target":"hyperliquid_rust_sdk::market_maker::estimator"}
{"timestamp":"2025-12-24T18:31:44.479392Z","level":"DEBUG","fields":{"message":"Kappa updated from L2 book","points":29,"slope":"-177.5163","kappa_new":"177.52","kappa_ewma":"127.80"},"target":"hyperliquid_rust_sdk::market_maker::estimator"}
{"timestamp":"2025-12-24T18:31:45.088009Z","level":"DEBUG","fields":{"message":"Kappa updated from L2 book","points":29,"slope":"-177.5163","kappa_new":"177.52","kappa_ewma":"128.95"},"target":"hyperliquid_rust_sdk::market_maker::estimator"}
{"timestamp":"2025-12-24T18:31:45.686105Z","level":"DEBUG","fields":{"message":"Kappa updated from L2 book","points":29,"slope":"-177.5163","kappa_new":"177.52","kappa_ewma":"130.07"},"target":"hyperliquid_rust_sdk::market_maker::estimator"}
{"timestamp":"2025-12-24T18:31:46.292343Z","level":"DEBUG","fields":{"message":"Kappa updated from L2 book","points":29,"slope":"-177.5163","kappa_new":"177.52","kappa_ewma":"131.17"},"target":"hyperliquid_rust_sdk::market_maker::estimator"}
{"timestamp":"2025-12-24T18:31:46.820633Z","level":"DEBUG","fields":{"message":"Kappa updated from L2 book","points":30,"slope":"-182.8715","kappa_new":"182.87","kappa_ewma":"132.36"},"target":"hyperliquid_rust_sdk::market_maker::estimator"}
{"timestamp":"2025-12-24T18:31:47.413899Z","level":"DEBUG","fields":{"message":"Kappa updated from L2 book","points":29,"slope":"-179.0974","kappa_new":"179.10","kappa_ewma":"133.44"},"target":"hyperliquid_rust_sdk::market_maker::estimator"}
{"timestamp":"2025-12-24T18:31:47.908029Z","level":"DEBUG","fields":{"message":"Kappa updated from L2 book","points":29,"slope":"-179.0974","kappa_new":"179.10","kappa_ewma":"134.50"},"target":"hyperliquid_rust_sdk::market_maker::estimator"}
{"timestamp":"2025-12-24T18:31:48.425015Z","level":"DEBUG","fields":{"message":"Kappa updated from L2 book","points":29,"slope":"-179.0974","kappa_new":"179.10","kappa_ewma":"135.53"},"target":"hyperliquid_rust_sdk::market_maker::estimator"}
{"timestamp":"2025-12-24T18:31:48.941097Z","level":"DEBUG","fields":{"message":"Kappa updated from L2 book","points":29,"slope":"-179.0974","kappa_new":"179.10","kappa_ewma":"136.53"},"target":"hyperliquid_rust_sdk::market_maker::estimator"}
{"timestamp":"2025-12-24T18:31:49.436713Z","level":"DEBUG","fields":{"message":"Kappa updated from L2 book","points":29,"slope":"-179.0974","kappa_new":"179.10","kappa_ewma":"137.52"},"target":"hyperliquid_rust_sdk::market_maker::estimator"}
{"timestamp":"2025-12-24T18:31:50.044708Z","level":"DEBUG","fields":{"message":"Kappa updated from L2 book","points":29,"slope":"-179.0974","kappa_new":"179.10","kappa_ewma":"138.48"},"target":"hyperliquid_rust_sdk::market_maker::estimator"}
{"timestamp":"2025-12-24T18:31:50.629272Z","level":"DEBUG","fields":{"message":"Kappa updated from L2 book","points":29,"slope":"-179.0974","kappa_new":"179.10","kappa_ewma":"139.42"},"target":"hyperliquid_rust_sdk::market_maker::estimator"}
{"timestamp":"2025-12-24T18:31:51.244974Z","level":"DEBUG","fields":{"message":"Kappa updated from L2 book","points":29,"slope":"-179.0974","kappa_new":"179.10","kappa_ewma":"140.33"},"target":"hyperliquid_rust_sdk::market_maker::estimator"}
{"timestamp":"2025-12-24T18:31:51.849820Z","level":"DEBUG","fields":{"message":"Kappa updated from L2 book","points":29,"slope":"-179.0974","kappa_new":"179.10","kappa_ewma":"141.23"},"target":"hyperliquid_rust_sdk::market_maker::estimator"}
{"timestamp":"2025-12-24T18:31:52.361811Z","level":"DEBUG","fields":{"message":"Kappa updated from L2 book","points":29,"slope":"-179.0974","kappa_new":"179.10","kappa_ewma":"142.10"},"target":"hyperliquid_rust_sdk::market_maker::estimator"}
{"timestamp":"2025-12-24T18:31:53.062400Z","level":"DEBUG","fields":{"message":"Kappa updated from L2 book","points":29,"slope":"-179.0974","kappa_new":"179.10","kappa_ewma":"142.96"},"target":"hyperliquid_rust_sdk::market_maker::estimator"}
{"timestamp":"2025-12-24T18:31:53.648835Z","level":"DEBUG","fields":{"message":"Kappa updated from L2 book","points":29,"slope":"-179.0974","kappa_new":"179.10","kappa_ewma":"143.79"},"target":"hyperliquid_rust_sdk::market_maker::estimator"}
{"timestamp":"2025-12-24T18:31:54.274572Z","level":"DEBUG","fields":{"message":"Kappa updated from L2 book","points":29,"slope":"-179.0974","kappa_new":"179.10","kappa_ewma":"144.61"},"target":"hyperliquid_rust_sdk::market_maker::estimator"}
{"timestamp":"2025-12-24T18:31:54.853692Z","level":"DEBUG","fields":{"message":"Kappa updated from L2 book","points":29,"slope":"-179.0974","kappa_new":"179.10","kappa_ewma":"145.41"},"target":"hyperliquid_rust_sdk::market_maker::estimator"}
{"timestamp":"2025-12-24T18:31:55.399966Z","level":"DEBUG","fields":{"message":"Kappa updated from L2 book","points":29,"slope":"-179.0974","kappa_new":"179.10","kappa_ewma":"146.18"},"target":"hyperliquid_rust_sdk::market_maker::estimator"}
{"timestamp":"2025-12-24T18:31:55.861462Z","level":"DEBUG","fields":{"message":"Kappa updated from L2 book","points":28,"slope":"-175.2119","kappa_new":"175.21","kappa_ewma":"146.85"},"target":"hyperliquid_rust_sdk::market_maker::estimator"}
{"timestamp":"2025-12-24T18:31:56.481515Z","level":"DEBUG","fields":{"message":"Kappa updated from L2 book","points":28,"slope":"-169.0765","kappa_new":"169.08","kappa_ewma":"147.37"},"target":"hyperliquid_rust_sdk::market_maker::estimator"}
{"timestamp":"2025-12-24T18:31:57.087175Z","level":"DEBUG","fields":{"message":"Kappa updated from L2 book","points":27,"slope":"-251.8772","kappa_new":"251.88","kappa_ewma":"149.78"},"target":"hyperliquid_rust_sdk::market_maker::estimator"}
{"timestamp":"2025-12-24T18:31:57.685940Z","level":"DEBUG","fields":{"message":"Kappa updated from L2 book","points":26,"slope":"-220.5466","kappa_new":"220.55","kappa_ewma":"151.42"},"target":"hyperliquid_rust_sdk::market_maker::estimator"}
{"timestamp":"2025-12-24T18:31:58.347322Z","level":"DEBUG","fields":{"message":"Kappa updated from L2 book","points":27,"slope":"-165.1159","kappa_new":"165.12","kappa_ewma":"151.73"},"target":"hyperliquid_rust_sdk::market_maker::estimator"}
{"timestamp":"2025-12-24T18:31:58.834805Z","level":"DEBUG","fields":{"message":"Kappa updated from L2 book","points":28,"slope":"-147.9701","kappa_new":"147.97","kappa_ewma":"151.65"},"target":"hyperliquid_rust_sdk::market_maker::estimator"}
{"timestamp":"2025-12-24T18:31:59.545588Z","level":"DEBUG","fields":{"message":"Kappa updated from L2 book","points":28,"slope":"-158.5525","kappa_new":"158.55","kappa_ewma":"151.81"},"target":"hyperliquid_rust_sdk::market_maker::estimator"}
{"timestamp":"2025-12-24T18:32:00.156344Z","level":"DEBUG","fields":{"message":"Kappa updated from L2 book","points":28,"slope":"-158.5525","kappa_new":"158.55","kappa_ewma":"151.96"},"target":"hyperliquid_rust_sdk::market_maker::estimator"}
{"timestamp":"2025-12-24T18:32:01.195866Z","level":"DEBUG","fields":{"message":"Kappa updated from L2 book","points":28,"slope":"-158.5525","kappa_new":"158.55","kappa_ewma":"152.11"},"target":"hyperliquid_rust_sdk::market_maker::estimator"}
{"timestamp":"2025-12-24T18:32:01.538335Z","level":"DEBUG","fields":{"message":"Kappa updated from L2 book","points":28,"slope":"-159.8795","kappa_new":"159.88","kappa_ewma":"152.29"},"target":"hyperliquid_rust_sdk::market_maker::estimator"}
{"timestamp":"2025-12-24T18:32:02.185418Z","level":"DEBUG","fields":{"message":"Kappa updated from L2 book","points":28,"slope":"-159.9683","kappa_new":"159.97","kappa_ewma":"152.47"},"target":"hyperliquid_rust_sdk::market_maker::estimator"}
{"timestamp":"2025-12-24T18:32:02.684101Z","level":"DEBUG","fields":{"message":"Kappa updated from L2 book","points":28,"slope":"-159.9683","kappa_new":"159.97","kappa_ewma":"152.64"},"target":"hyperliquid_rust_sdk::market_maker::estimator"}
{"timestamp":"2025-12-24T18:32:03.385016Z","level":"DEBUG","fields":{"message":"Kappa updated from L2 book","points":27,"slope":"-153.1252","kappa_new":"153.13","kappa_ewma":"152.66"},"target":"hyperliquid_rust_sdk::market_maker::estimator"}
{"timestamp":"2025-12-24T18:32:03.997668Z","level":"DEBUG","fields":{"message":"Kappa updated from L2 book","points":27,"slope":"-151.2451","kappa_new":"151.25","kappa_ewma":"152.62"},"target":"hyperliquid_rust_sdk::market_maker::estimator"}
{"timestamp":"2025-12-24T18:32:04.748822Z","level":"DEBUG","fields":{"message":"Kappa updated from L2 book","points":27,"slope":"-151.2451","kappa_new":"151.25","kappa_ewma":"152.59"},"target":"hyperliquid_rust_sdk::market_maker::estimator"}
{"timestamp":"2025-12-24T18:32:05.127501Z","level":"DEBUG","fields":{"message":"Kappa updated from L2 book","points":27,"slope":"-151.2451","kappa_new":"151.25","kappa_ewma":"152.56"},"target":"hyperliquid_rust_sdk::market_maker::estimator"}
{"timestamp":"2025-12-24T18:32:05.822752Z","level":"DEBUG","fields":{"message":"Kappa updated from L2 book","points":27,"slope":"-151.2451","kappa_new":"151.25","kappa_ewma":"152.53"},"target":"hyperliquid_rust_sdk::market_maker::estimator"}
{"timestamp":"2025-12-24T18:32:06.434978Z","level":"DEBUG","fields":{"message":"Kappa updated from L2 book","points":28,"slope":"-142.7811","kappa_new":"142.78","kappa_ewma":"152.30"},"target":"hyperliquid_rust_sdk::market_maker::estimator"}
{"timestamp":"2025-12-24T18:32:07.035438Z","level":"DEBUG","fields":{"message":"Kappa updated from L2 book","points":27,"slope":"-141.8077","kappa_new":"141.81","kappa_ewma":"152.06"},"target":"hyperliquid_rust_sdk::market_maker::estimator"}
{"timestamp":"2025-12-24T18:32:07.551702Z","level":"DEBUG","fields":{"message":"Kappa updated from L2 book","points":27,"slope":"-141.8077","kappa_new":"141.81","kappa_ewma":"151.83"},"target":"hyperliquid_rust_sdk::market_maker::estimator"}
{"timestamp":"2025-12-24T18:32:08.257916Z","level":"DEBUG","fields":{"message":"Kappa updated from L2 book","points":27,"slope":"-141.8077","kappa_new":"141.81","kappa_ewma":"151.59"},"target":"hyperliquid_rust_sdk::market_maker::estimator"}
{"timestamp":"2025-12-24T18:32:08.973947Z","level":"DEBUG","fields":{"message":"Kappa updated from L2 book","points":27,"slope":"-141.8077","kappa_new":"141.81","kappa_ewma":"151.37"},"target":"hyperliquid_rust_sdk::market_maker::estimator"}
{"timestamp":"2025-12-24T18:32:09.509829Z","level":"DEBUG","fields":{"message":"Kappa updated from L2 book","points":27,"slope":"-141.8077","kappa_new":"141.81","kappa_ewma":"151.15"},"target":"hyperliquid_rust_sdk::market_maker::estimator"}
{"timestamp":"2025-12-24T18:32:10.086729Z","level":"DEBUG","fields":{"message":"Kappa updated from L2 book","points":27,"slope":"-141.8077","kappa_new":"141.81","kappa_ewma":"150.93"},"target":"hyperliquid_rust_sdk::market_maker::estimator"}
{"timestamp":"2025-12-24T18:32:10.588421Z","level":"DEBUG","fields":{"message":"Kappa updated from L2 book","points":27,"slope":"-141.8077","kappa_new":"141.81","kappa_ewma":"150.72"},"target":"hyperliquid_rust_sdk::market_maker::estimator"}
{"timestamp":"2025-12-24T18:32:11.180719Z","level":"DEBUG","fields":{"message":"Kappa updated from L2 book","points":27,"slope":"-141.8077","kappa_new":"141.81","kappa_ewma":"150.51"},"target":"hyperliquid_rust_sdk::market_maker::estimator"}
{"timestamp":"2025-12-24T18:32:11.797242Z","level":"DEBUG","fields":{"message":"Kappa updated from L2 book","points":27,"slope":"-141.8077","kappa_new":"141.81","kappa_ewma":"150.31"},"target":"hyperliquid_rust_sdk::market_maker::estimator"}
{"timestamp":"2025-12-24T18:32:12.390680Z","level":"DEBUG","fields":{"message":"Kappa updated from L2 book","points":27,"slope":"-139.2823","kappa_new":"139.28","kappa_ewma":"150.06"},"target":"hyperliquid_rust_sdk::market_maker::estimator"}
{"timestamp":"2025-12-24T18:32:13.117610Z","level":"DEBUG","fields":{"message":"Kappa updated from L2 book","points":27,"slope":"-139.2823","kappa_new":"139.28","kappa_ewma":"149.81"},"target":"hyperliquid_rust_sdk::market_maker::estimator"}
{"timestamp":"2025-12-24T18:32:13.598416Z","level":"DEBUG","fields":{"message":"Kappa updated from L2 book","points":27,"slope":"-139.2823","kappa_new":"139.28","kappa_ewma":"149.57"},"target":"hyperliquid_rust_sdk::market_maker::estimator"}
{"timestamp":"2025-12-24T18:32:14.205265Z","level":"DEBUG","fields":{"message":"Kappa updated from L2 book","points":27,"slope":"-139.2823","kappa_new":"139.28","kappa_ewma":"149.33"},"target":"hyperliquid_rust_sdk::market_maker::estimator"}
{"timestamp":"2025-12-24T18:32:14.806049Z","level":"DEBUG","fields":{"message":"Kappa updated from L2 book","points":27,"slope":"-139.2823","kappa_new":"139.28","kappa_ewma":"149.10"},"target":"hyperliquid_rust_sdk::market_maker::estimator"}
{"timestamp":"2025-12-24T18:32:15.415111Z","level":"DEBUG","fields":{"message":"Kappa updated from L2 book","points":28,"slope":"-154.9422","kappa_new":"154.94","kappa_ewma":"149.23"},"target":"hyperliquid_rust_sdk::market_maker::estimator"}
{"timestamp":"2025-12-24T18:32:16.136114Z","level":"DEBUG","fields":{"message":"Kappa updated from L2 book","points":27,"slope":"-137.7112","kappa_new":"137.71","kappa_ewma":"148.97"},"target":"hyperliquid_rust_sdk::market_maker::estimator"}
{"timestamp":"2025-12-24T18:32:16.606426Z","level":"DEBUG","fields":{"message":"Kappa updated from L2 book","points":27,"slope":"-137.7112","kappa_new":"137.71","kappa_ewma":"148.71"},"target":"hyperliquid_rust_sdk::market_maker::estimator"}
{"timestamp":"2025-12-24T18:32:17.216521Z","level":"DEBUG","fields":{"message":"Kappa updated from L2 book","points":26,"slope":"-159.1438","kappa_new":"159.14","kappa_ewma":"148.95"},"target":"hyperliquid_rust_sdk::market_maker::estimator"}
{"timestamp":"2025-12-24T18:32:17.837765Z","level":"DEBUG","fields":{"message":"Kappa updated from L2 book","points":26,"slope":"-159.1438","kappa_new":"159.14","kappa_ewma":"149.18"},"target":"hyperliquid_rust_sdk::market_maker::estimator"}
{"timestamp":"2025-12-24T18:32:18.287109Z","level":"DEBUG","fields":{"message":"Kappa updated from L2 book","points":26,"slope":"-159.1438","kappa_new":"159.14","kappa_ewma":"149.41"},"target":"hyperliquid_rust_sdk::market_maker::estimator"}
{"timestamp":"2025-12-24T18:32:18.978715Z","level":"DEBUG","fields":{"message":"Kappa updated from L2 book","points":26,"slope":"-159.1438","kappa_new":"159.14","kappa_ewma":"149.64"},"target":"hyperliquid_rust_sdk::market_maker::estimator"}
{"timestamp":"2025-12-24T18:32:19.496821Z","level":"DEBUG","fields":{"message":"Kappa updated from L2 book","points":26,"slope":"-159.1438","kappa_new":"159.14","kappa_ewma":"149.86"},"target":"hyperliquid_rust_sdk::market_maker::estimator"}
{"timestamp":"2025-12-24T18:32:20.111126Z","level":"DEBUG","fields":{"message":"Kappa updated from L2 book","points":26,"slope":"-159.1438","kappa_new":"159.14","kappa_ewma":"150.07"},"target":"hyperliquid_rust_sdk::market_maker::estimator"}
{"timestamp":"2025-12-24T18:32:20.708704Z","level":"DEBUG","fields":{"message":"Kappa updated from L2 book","points":26,"slope":"-159.1438","kappa_new":"159.14","kappa_ewma":"150.28"},"target":"hyperliquid_rust_sdk::market_maker::estimator"}
{"timestamp":"2025-12-24T18:32:21.219153Z","level":"DEBUG","fields":{"message":"Kappa updated from L2 book","points":27,"slope":"-135.4899","kappa_new":"135.49","kappa_ewma":"149.94"},"target":"hyperliquid_rust_sdk::market_maker::estimator"}
{"timestamp":"2025-12-24T18:32:21.906266Z","level":"DEBUG","fields":{"message":"Kappa updated from L2 book","points":27,"slope":"-135.4899","kappa_new":"135.49","kappa_ewma":"149.61"},"target":"hyperliquid_rust_sdk::market_maker::estimator"}
{"timestamp":"2025-12-24T18:32:22.550414Z","level":"DEBUG","fields":{"message":"Kappa updated from L2 book","points":27,"slope":"-135.4899","kappa_new":"135.49","kappa_ewma":"149.28"},"target":"hyperliquid_rust_sdk::market_maker::estimator"}
{"timestamp":"2025-12-24T18:32:23.255755Z","level":"DEBUG","fields":{"message":"Kappa updated from L2 book","points":27,"slope":"-135.4899","kappa_new":"135.49","kappa_ewma":"148.96"},"target":"hyperliquid_rust_sdk::market_maker::estimator"}
{"timestamp":"2025-12-24T18:32:23.740981Z","level":"DEBUG","fields":{"message":"Kappa updated from L2 book","points":27,"slope":"-135.4899","kappa_new":"135.49","kappa_ewma":"148.65"},"target":"hyperliquid_rust_sdk::market_maker::estimator"}
{"timestamp":"2025-12-24T18:32:24.233363Z","level":"DEBUG","fields":{"message":"Kappa updated from L2 book","points":27,"slope":"-135.4899","kappa_new":"135.49","kappa_ewma":"148.35"},"target":"hyperliquid_rust_sdk::market_maker::estimator"}
{"timestamp":"2025-12-24T18:32:24.924318Z","level":"DEBUG","fields":{"message":"Kappa updated from L2 book","points":27,"slope":"-135.4899","kappa_new":"135.49","kappa_ewma":"148.05"},"target":"hyperliquid_rust_sdk::market_maker::estimator"}
{"timestamp":"2025-12-24T18:32:25.494326Z","level":"DEBUG","fields":{"message":"Kappa updated from L2 book","points":27,"slope":"-135.4899","kappa_new":"135.49","kappa_ewma":"147.76"},"target":"hyperliquid_rust_sdk::market_maker::estimator"}
{"timestamp":"2025-12-24T18:32:26.057343Z","level":"DEBUG","fields":{"message":"Kappa updated from L2 book","points":27,"slope":"-135.4899","kappa_new":"135.49","kappa_ewma":"147.47"},"target":"hyperliquid_rust_sdk::market_maker::estimator"}
{"timestamp":"2025-12-24T18:32:26.473078Z","level":"DEBUG","fields":{"message":"Kappa updated from L2 book","points":27,"slope":"-135.4899","kappa_new":"135.49","kappa_ewma":"147.20"},"target":"hyperliquid_rust_sdk::market_maker::estimator"}
{"timestamp":"2025-12-24T18:32:27.075609Z","level":"DEBUG","fields":{"message":"Kappa updated from L2 book","points":27,"slope":"-135.4899","kappa_new":"135.49","kappa_ewma":"146.93"},"target":"hyperliquid_rust_sdk::market_maker::estimator"}
{"timestamp":"2025-12-24T18:32:27.682559Z","level":"DEBUG","fields":{"message":"Kappa updated from L2 book","points":27,"slope":"-135.4899","kappa_new":"135.49","kappa_ewma":"146.66"},"target":"hyperliquid_rust_sdk::market_maker::estimator"}
{"timestamp":"2025-12-24T18:32:28.199636Z","level":"DEBUG","fields":{"message":"Kappa updated from L2 book","points":27,"slope":"-135.4899","kappa_new":"135.49","kappa_ewma":"146.40"},"target":"hyperliquid_rust_sdk::market_maker::estimator"}
{"timestamp":"2025-12-24T18:32:28.789416Z","level":"DEBUG","fields":{"message":"Kappa updated from L2 book","points":27,"slope":"-135.4899","kappa_new":"135.49","kappa_ewma":"146.15"},"target":"hyperliquid_rust_sdk::market_maker::estimator"}
{"timestamp":"2025-12-24T18:32:29.547698Z","level":"DEBUG","fields":{"message":"Kappa updated from L2 book","points":27,"slope":"-135.4899","kappa_new":"135.49","kappa_ewma":"145.91"},"target":"hyperliquid_rust_sdk::market_maker::estimator"}
{"timestamp":"2025-12-24T18:32:30.001485Z","level":"DEBUG","fields":{"message":"Kappa updated from L2 book","points":27,"slope":"-135.4899","kappa_new":"135.49","kappa_ewma":"145.67"},"target":"hyperliquid_rust_sdk::market_maker::estimator"}
{"timestamp":"2025-12-24T18:32:30.606189Z","level":"DEBUG","fields":{"message":"Kappa updated from L2 book","points":27,"slope":"-135.4899","kappa_new":"135.49","kappa_ewma":"145.43"},"target":"hyperliquid_rust_sdk::market_maker::estimator"}
{"timestamp":"2025-12-24T18:32:31.223714Z","level":"DEBUG","fields":{"message":"Kappa updated from L2 book","points":27,"slope":"-135.4899","kappa_new":"135.49","kappa_ewma":"145.20"},"target":"hyperliquid_rust_sdk::market_maker::estimator"}
{"timestamp":"2025-12-24T18:32:31.913645Z","level":"DEBUG","fields":{"message":"Kappa updated from L2 book","points":27,"slope":"-135.4899","kappa_new":"135.49","kappa_ewma":"144.98"},"target":"hyperliquid_rust_sdk::market_maker::estimator"}
{"timestamp":"2025-12-24T18:32:32.606515Z","level":"DEBUG","fields":{"message":"Running safety sync..."},"target":"hyperliquid_rust_sdk::market_maker"}
{"timestamp":"2025-12-24T18:32:32.881220Z","level":"DEBUG","fields":{"message":"[SafetySync] State in sync: 0 orders on both sides"},"target":"hyperliquid_rust_sdk::market_maker"}
{"timestamp":"2025-12-24T18:32:32.881778Z","level":"DEBUG","fields":{"message":"Kappa updated from L2 book","points":28,"slope":"-133.5718","kappa_new":"133.57","kappa_ewma":"144.71"},"target":"hyperliquid_rust_sdk::market_maker::estimator"}
{"timestamp":"2025-12-24T18:32:33.132970Z","level":"DEBUG","fields":{"message":"Kappa updated from L2 book","points":29,"slope":"-107.0943","kappa_new":"107.09","kappa_ewma":"143.84"},"target":"hyperliquid_rust_sdk::market_maker::estimator"}
{"timestamp":"2025-12-24T18:32:33.701340Z","level":"DEBUG","fields":{"message":"Kappa updated from L2 book","points":27,"slope":"-165.8470","kappa_new":"165.85","kappa_ewma":"144.35"},"target":"hyperliquid_rust_sdk::market_maker::estimator"}
{"timestamp":"2025-12-24T18:32:34.319444Z","level":"DEBUG","fields":{"message":"Kappa updated from L2 book","points":27,"slope":"-165.8470","kappa_new":"165.85","kappa_ewma":"144.85"},"target":"hyperliquid_rust_sdk::market_maker::estimator"}
{"timestamp":"2025-12-24T18:32:34.914791Z","level":"DEBUG","fields":{"message":"Kappa updated from L2 book","points":28,"slope":"-148.7445","kappa_new":"148.74","kappa_ewma":"144.94"},"target":"hyperliquid_rust_sdk::market_maker::estimator"}
{"timestamp":"2025-12-24T18:32:35.543460Z","level":"DEBUG","fields":{"message":"Kappa updated from L2 book","points":28,"slope":"-148.7445","kappa_new":"148.74","kappa_ewma":"145.03"},"target":"hyperliquid_rust_sdk::market_maker::estimator"}
{"timestamp":"2025-12-24T18:32:36.141656Z","level":"DEBUG","fields":{"message":"Kappa updated from L2 book","points":28,"slope":"-148.7445","kappa_new":"148.74","kappa_ewma":"145.11"},"target":"hyperliquid_rust_sdk::market_maker::estimator"}
{"timestamp":"2025-12-24T18:32:36.698580Z","level":"DEBUG","fields":{"message":"Kappa updated from L2 book","points":30,"slope":"-176.5669","kappa_new":"176.57","kappa_ewma":"145.84"},"target":"hyperliquid_rust_sdk::market_maker::estimator"}
{"timestamp":"2025-12-24T18:32:37.199320Z","level":"DEBUG","fields":{"message":"Kappa updated from L2 book","points":30,"slope":"-176.5669","kappa_new":"176.57","kappa_ewma":"146.55"},"target":"hyperliquid_rust_sdk::market_maker::estimator"}
{"timestamp":"2025-12-24T18:32:38.100988Z","level":"DEBUG","fields":{"message":"Kappa updated from L2 book","points":28,"slope":"-148.9197","kappa_new":"148.92","kappa_ewma":"146.60"},"target":"hyperliquid_rust_sdk::market_maker::estimator"}
{"timestamp":"2025-12-24T18:32:38.644716Z","level":"DEBUG","fields":{"message":"Kappa updated from L2 book","points":28,"slope":"-148.9197","kappa_new":"148.92","kappa_ewma":"146.66"},"target":"hyperliquid_rust_sdk::market_maker::estimator"}
{"timestamp":"2025-12-24T18:32:39.128502Z","level":"DEBUG","fields":{"message":"Kappa updated from L2 book","points":29,"slope":"-114.5918","kappa_new":"114.59","kappa_ewma":"145.92"},"target":"hyperliquid_rust_sdk::market_maker::estimator"}
{"timestamp":"2025-12-24T18:32:39.817498Z","level":"DEBUG","fields":{"message":"Kappa updated from L2 book","points":29,"slope":"-114.9336","kappa_new":"114.93","kappa_ewma":"145.20"},"target":"hyperliquid_rust_sdk::market_maker::estimator"}
{"timestamp":"2025-12-24T18:32:40.450471Z","level":"DEBUG","fields":{"message":"Kappa updated from L2 book","points":29,"slope":"-120.7722","kappa_new":"120.77","kappa_ewma":"144.64"},"target":"hyperliquid_rust_sdk::market_maker::estimator"}
{"timestamp":"2025-12-24T18:32:40.942475Z","level":"DEBUG","fields":{"message":"Kappa updated from L2 book","points":29,"slope":"-124.9148","kappa_new":"124.91","kappa_ewma":"144.18"},"target":"hyperliquid_rust_sdk::market_maker::estimator"}
{"timestamp":"2025-12-24T18:32:41.648712Z","level":"DEBUG","fields":{"message":"Kappa updated from L2 book","points":29,"slope":"-124.9148","kappa_new":"124.91","kappa_ewma":"143.74"},"target":"hyperliquid_rust_sdk::market_maker::estimator"}
{"timestamp":"2025-12-24T18:32:42.248978Z","level":"DEBUG","fields":{"message":"Kappa updated from L2 book","points":29,"slope":"-124.9148","kappa_new":"124.91","kappa_ewma":"143.30"},"target":"hyperliquid_rust_sdk::market_maker::estimator"}
{"timestamp":"2025-12-24T18:32:42.863948Z","level":"DEBUG","fields":{"message":"Kappa updated from L2 book","points":29,"slope":"-123.9396","kappa_new":"123.94","kappa_ewma":"142.85"},"target":"hyperliquid_rust_sdk::market_maker::estimator"}
{"timestamp":"2025-12-24T18:32:43.490356Z","level":"DEBUG","fields":{"message":"Kappa updated from L2 book","points":29,"slope":"-123.9396","kappa_new":"123.94","kappa_ewma":"142.42"},"target":"hyperliquid_rust_sdk::market_maker::estimator"}
{"timestamp":"2025-12-24T18:32:44.106250Z","level":"DEBUG","fields":{"message":"Kappa updated from L2 book","points":28,"slope":"-138.8671","kappa_new":"138.87","kappa_ewma":"142.33"},"target":"hyperliquid_rust_sdk::market_maker::estimator"}
{"timestamp":"2025-12-24T18:32:44.580353Z","level":"DEBUG","fields":{"message":"Kappa updated from L2 book","points":29,"slope":"-122.0416","kappa_new":"122.04","kappa_ewma":"141.87"},"target":"hyperliquid_rust_sdk::market_maker::estimator"}
{"timestamp":"2025-12-24T18:32:45.222390Z","level":"DEBUG","fields":{"message":"Kappa updated from L2 book","points":29,"slope":"-122.0416","kappa_new":"122.04","kappa_ewma":"141.41"},"target":"hyperliquid_rust_sdk::market_maker::estimator"}
{"timestamp":"2025-12-24T18:32:45.592767Z","level":"DEBUG","fields":{"message":"Kappa updated from L2 book","points":29,"slope":"-122.0416","kappa_new":"122.04","kappa_ewma":"140.96"},"target":"hyperliquid_rust_sdk::market_maker::estimator"}
{"timestamp":"2025-12-24T18:32:46.293991Z","level":"DEBUG","fields":{"message":"Kappa updated from L2 book","points":29,"slope":"-122.0416","kappa_new":"122.04","kappa_ewma":"140.52"},"target":"hyperliquid_rust_sdk::market_maker::estimator"}
{"timestamp":"2025-12-24T18:32:46.803246Z","level":"DEBUG","fields":{"message":"Volume bucket completed","vwap":"87551.4853","volume":"0.0061","duration_ms":34826,"tick":22,"sigma_clean":"0.000106","sigma_total":"0.000165","jump_ratio":"1.84","kappa":"2378"},"target":"hyperliquid_rust_sdk::market_maker::estimator"}
{"timestamp":"2025-12-24T18:32:46.807445Z","level":"DEBUG","fields":{"message":"Kappa updated from L2 book","points":29,"slope":"-120.0080","kappa_new":"120.01","kappa_ewma":"140.05"},"target":"hyperliquid_rust_sdk::market_maker::estimator"}
{"timestamp":"2025-12-24T18:32:47.434517Z","level":"DEBUG","fields":{"message":"Kappa updated from L2 book","points":30,"slope":"-111.1791","kappa_new":"111.18","kappa_ewma":"139.38"},"target":"hyperliquid_rust_sdk::market_maker::estimator"}
{"timestamp":"2025-12-24T18:32:48.024773Z","level":"DEBUG","fields":{"message":"Kappa updated from L2 book","points":29,"slope":"-121.6699","kappa_new":"121.67","kappa_ewma":"138.97"},"target":"hyperliquid_rust_sdk::market_maker::estimator"}
{"timestamp":"2025-12-24T18:32:48.686374Z","level":"DEBUG","fields":{"message":"Kappa updated from L2 book","points":29,"slope":"-121.8303","kappa_new":"121.83","kappa_ewma":"138.58"},"target":"hyperliquid_rust_sdk::market_maker::estimator"}
{"timestamp":"2025-12-24T18:32:49.268241Z","level":"DEBUG","fields":{"message":"Kappa updated from L2 book","points":29,"slope":"-121.8303","kappa_new":"121.83","kappa_ewma":"138.19"},"target":"hyperliquid_rust_sdk::market_maker::estimator"}
{"timestamp":"2025-12-24T18:32:49.827342Z","level":"DEBUG","fields":{"message":"Kappa updated from L2 book","points":29,"slope":"-121.8303","kappa_new":"121.83","kappa_ewma":"137.81"},"target":"hyperliquid_rust_sdk::market_maker::estimator"}
{"timestamp":"2025-12-24T18:32:50.448418Z","level":"DEBUG","fields":{"message":"Kappa updated from L2 book","points":29,"slope":"-121.8303","kappa_new":"121.83","kappa_ewma":"137.44"},"target":"hyperliquid_rust_sdk::market_maker::estimator"}
{"timestamp":"2025-12-24T18:32:51.031323Z","level":"DEBUG","fields":{"message":"Kappa updated from L2 book","points":29,"slope":"-121.8303","kappa_new":"121.83","kappa_ewma":"137.08"},"target":"hyperliquid_rust_sdk::market_maker::estimator"}
{"timestamp":"2025-12-24T18:32:51.661108Z","level":"DEBUG","fields":{"message":"Kappa updated from L2 book","points":29,"slope":"-121.8303","kappa_new":"121.83","kappa_ewma":"136.73"},"target":"hyperliquid_rust_sdk::market_maker::estimator"}
{"timestamp":"2025-12-24T18:32:52.252404Z","level":"DEBUG","fields":{"message":"Kappa updated from L2 book","points":29,"slope":"-121.8303","kappa_new":"121.83","kappa_ewma":"136.39"},"target":"hyperliquid_rust_sdk::market_maker::estimator"}
{"timestamp":"2025-12-24T18:32:52.844190Z","level":"DEBUG","fields":{"message":"Kappa updated from L2 book","points":29,"slope":"-121.8303","kappa_new":"121.83","kappa_ewma":"136.05"},"target":"hyperliquid_rust_sdk::market_maker::estimator"}
{"timestamp":"2025-12-24T18:32:53.462486Z","level":"DEBUG","fields":{"message":"Kappa updated from L2 book","points":29,"slope":"-121.8303","kappa_new":"121.83","kappa_ewma":"135.72"},"target":"hyperliquid_rust_sdk::market_maker::estimator"}
{"timestamp":"2025-12-24T18:32:54.067171Z","level":"DEBUG","fields":{"message":"Kappa updated from L2 book","points":29,"slope":"-121.8303","kappa_new":"121.83","kappa_ewma":"135.40"},"target":"hyperliquid_rust_sdk::market_maker::estimator"}
{"timestamp":"2025-12-24T18:32:54.658613Z","level":"DEBUG","fields":{"message":"Kappa updated from L2 book","points":29,"slope":"-121.8303","kappa_new":"121.83","kappa_ewma":"135.09"},"target":"hyperliquid_rust_sdk::market_maker::estimator"}
{"timestamp":"2025-12-24T18:32:55.400397Z","level":"DEBUG","fields":{"message":"Kappa updated from L2 book","points":29,"slope":"-121.8303","kappa_new":"121.83","kappa_ewma":"134.78"},"target":"hyperliquid_rust_sdk::market_maker::estimator"}
{"timestamp":"2025-12-24T18:32:55.867520Z","level":"DEBUG","fields":{"message":"Kappa updated from L2 book","points":29,"slope":"-121.8303","kappa_new":"121.83","kappa_ewma":"134.48"},"target":"hyperliquid_rust_sdk::market_maker::estimator"}
{"timestamp":"2025-12-24T18:32:56.496828Z","level":"DEBUG","fields":{"message":"Kappa updated from L2 book","points":29,"slope":"-121.8303","kappa_new":"121.83","kappa_ewma":"134.19"},"target":"hyperliquid_rust_sdk::market_maker::estimator"}
{"timestamp":"2025-12-24T18:32:57.040399Z","level":"DEBUG","fields":{"message":"Kappa updated from L2 book","points":29,"slope":"-121.8303","kappa_new":"121.83","kappa_ewma":"133.90"},"target":"hyperliquid_rust_sdk::market_maker::estimator"}
{"timestamp":"2025-12-24T18:32:57.693504Z","level":"DEBUG","fields":{"message":"Kappa updated from L2 book","points":29,"slope":"-121.8303","kappa_new":"121.83","kappa_ewma":"133.62"},"target":"hyperliquid_rust_sdk::market_maker::estimator"}
{"timestamp":"2025-12-24T18:32:58.360442Z","level":"DEBUG","fields":{"message":"Kappa updated from L2 book","points":29,"slope":"-121.8303","kappa_new":"121.83","kappa_ewma":"133.35"},"target":"hyperliquid_rust_sdk::market_maker::estimator"}
{"timestamp":"2025-12-24T18:32:58.962182Z","level":"DEBUG","fields":{"message":"Kappa updated from L2 book","points":29,"slope":"-121.8303","kappa_new":"121.83","kappa_ewma":"133.09"},"target":"hyperliquid_rust_sdk::market_maker::estimator"}
{"timestamp":"2025-12-24T18:32:59.584276Z","level":"DEBUG","fields":{"message":"Kappa updated from L2 book","points":29,"slope":"-121.2157","kappa_new":"121.22","kappa_ewma":"132.81"},"target":"hyperliquid_rust_sdk::market_maker::estimator"}
{"timestamp":"2025-12-24T18:33:00.068798Z","level":"DEBUG","fields":{"message":"Kappa updated from L2 book","points":29,"slope":"-121.2157","kappa_new":"121.22","kappa_ewma":"132.54"},"target":"hyperliquid_rust_sdk::market_maker::estimator"}
{"timestamp":"2025-12-24T18:33:01.325012Z","level":"DEBUG","fields":{"message":"Kappa updated from L2 book","points":29,"slope":"-121.2157","kappa_new":"121.22","kappa_ewma":"132.28"},"target":"hyperliquid_rust_sdk::market_maker::estimator"}
{"timestamp":"2025-12-24T18:33:01.420337Z","level":"DEBUG","fields":{"message":"Kappa updated from L2 book","points":29,"slope":"-121.2157","kappa_new":"121.22","kappa_ewma":"132.03"},"target":"hyperliquid_rust_sdk::market_maker::estimator"}
{"timestamp":"2025-12-24T18:33:02.034407Z","level":"DEBUG","fields":{"message":"Kappa updated from L2 book","points":30,"slope":"-48.0630","kappa_new":"48.06","kappa_ewma":"130.09"},"target":"hyperliquid_rust_sdk::market_maker::estimator"}
{"timestamp":"2025-12-24T18:33:02.752365Z","level":"DEBUG","fields":{"message":"Kappa updated from L2 book","points":30,"slope":"-2.9404","kappa_new":"2.94","kappa_ewma":"127.15"},"target":"hyperliquid_rust_sdk::market_maker::estimator"}
{"timestamp":"2025-12-24T18:33:03.221496Z","level":"DEBUG","fields":{"message":"Kappa updated from L2 book","points":28,"slope":"10.7854","kappa_new":"50.00","kappa_ewma":"125.37"},"target":"hyperliquid_rust_sdk::market_maker::estimator"}
{"timestamp":"2025-12-24T18:33:03.827699Z","level":"DEBUG","fields":{"message":"Kappa updated from L2 book","points":30,"slope":"142.9267","kappa_new":"50.00","kappa_ewma":"123.62"},"target":"hyperliquid_rust_sdk::market_maker::estimator"}
{"timestamp":"2025-12-24T18:33:04.433226Z","level":"DEBUG","fields":{"message":"Kappa updated from L2 book","points":30,"slope":"47.5125","kappa_new":"50.00","kappa_ewma":"121.92"},"target":"hyperliquid_rust_sdk::market_maker::estimator"}
